<?xml version="1.0" encoding="UTF-8"?>
<testsuite name="censusanalyser.CensusAnalyserTest" tests="1" skipped="0" failures="0" errors="0" timestamp="2020-05-17T06:16:58" hostname="kali" time="0.006">
  <properties/>
  <testcase name="givenIndiaCensusData_WhenWrongDelimiter_shouldThrowCustomException" classname="censusanalyser.CensusAnalyserTest" time="0.006"/>
  <system-out><![CDATA[]]></system-out>
  <system-err><![CDATA[]]></system-err>
</testsuite>
