<?xml version="1.0" encoding="UTF-8"?>
<testsuite name="censusanalyser.CensusAnalyserTest" tests="3" skipped="0" failures="0" errors="0" timestamp="2020-05-14T23:37:04" hostname="kali" time="0.216">
  <properties/>
  <testcase name="givenIndianCensusCSVFileReturnsCorrectRecords" classname="censusanalyser.CensusAnalyserTest" time="0.174"/>
  <testcase name="givenIndianStateCode_CSVFile_ReturnsCorrectRecords" classname="censusanalyser.CensusAnalyserTest" time="0.037"/>
  <testcase name="givenIndiaCensusData_WithWrongFile_ShouldThrowException" classname="censusanalyser.CensusAnalyserTest" time="0.005"/>
  <system-out><![CDATA[]]></system-out>
  <system-err><![CDATA[]]></system-err>
</testsuite>
