<?xml version="1.0" encoding="UTF-8"?>
<testsuite name="censusanalyser.CensusAnalyserTest" tests="1" skipped="0" failures="0" errors="0" timestamp="2020-05-15T07:39:33" hostname="kali" time="0.301">
  <properties/>
  <testcase name="givenIndiaCensusData_SortedOnState_ShouldReturnSortedResult" classname="censusanalyser.CensusAnalyserTest" time="0.301"/>
  <system-out><![CDATA[]]></system-out>
  <system-err><![CDATA[]]></system-err>
</testsuite>
