<?xml version="1.0" encoding="UTF-8"?>
<testsuite name="censusanalyser.CensusAnalyserTest" tests="3" skipped="0" failures="0" errors="0" timestamp="2020-05-15T06:10:33" hostname="kali" time="0.245">
  <properties/>
  <testcase name="givenIndianCensusCSVFileReturnsCorrectRecords" classname="censusanalyser.CensusAnalyserTest" time="0.18"/>
  <testcase name="givenIndianStateCode_CSVFile_ReturnsCorrectRecords" classname="censusanalyser.CensusAnalyserTest" time="0.045"/>
  <testcase name="givenIndiaCensusData_WithWrongFile_ShouldThrowException" classname="censusanalyser.CensusAnalyserTest" time="0.016"/>
  <system-out><![CDATA[]]></system-out>
  <system-err><![CDATA[]]></system-err>
</testsuite>
