<?xml version="1.0" encoding="UTF-8"?>
<testsuite name="censusanalyser.CensusAnalyserTest" tests="1" skipped="0" failures="0" errors="0" timestamp="2020-05-17T06:57:40" hostname="kali" time="0.01">
  <properties/>
  <testcase name="givenIndianStateCsv_WhenCorrect_butTypeIncorrectShouldThrowCustomException" classname="censusanalyser.CensusAnalyserTest" time="0.01"/>
  <system-out><![CDATA[]]></system-out>
  <system-err><![CDATA[]]></system-err>
</testsuite>
